<?xml version="1.0" encoding="UTF-8"?>
<testsuite xmlns:xsi="http://www.w3.org/2001/XMLSchema-instance" xsi:noNamespaceSchemaLocation="https://maven.apache.org/surefire/maven-surefire-plugin/xsd/surefire-test-report.xsd" name="demo.eureka.EurekaApplicationTests" time="7.102" tests="1" errors="0" skipped="0" failures="0">
  <properties>
    <property name="sun.desktop" value="windows"/>
    <property name="awt.toolkit" value="sun.awt.windows.WToolkit"/>
    <property name="file.encoding.pkg" value="sun.io"/>
    <property name="java.specification.version" value="1.8"/>
    <property name="sun.cpu.isalist" value="amd64"/>
    <property name="sun.jnu.encoding" value="GBK"/>
    <property name="java.class.path" value="D:\IDEA_code\demo_eureka\target\test-classes;D:\IDEA_code\demo_eureka\target\classes;D:\Maven_Repository\org\springframework\boot\spring-boot-starter-web\2.3.0.RELEASE\spring-boot-starter-web-2.3.0.RELEASE.jar;D:\Maven_Repository\org\springframework\boot\spring-boot-starter\2.3.0.RELEASE\spring-boot-starter-2.3.0.RELEASE.jar;D:\Maven_Repository\org\springframework\boot\spring-boot\2.3.0.RELEASE\spring-boot-2.3.0.RELEASE.jar;D:\Maven_Repository\org\springframework\boot\spring-boot-autoconfigure\2.3.0.RELEASE\spring-boot-autoconfigure-2.3.0.RELEASE.jar;D:\Maven_Repository\org\springframework\boot\spring-boot-starter-logging\2.3.0.RELEASE\spring-boot-starter-logging-2.3.0.RELEASE.jar;D:\Maven_Repository\ch\qos\logback\logback-classic\1.2.3\logback-classic-1.2.3.jar;D:\Maven_Repository\ch\qos\logback\logback-core\1.2.3\logback-core-1.2.3.jar;D:\Maven_Repository\org\apache\logging\log4j\log4j-to-slf4j\2.13.2\log4j-to-slf4j-2.13.2.jar;D:\Maven_Repository\org\apache\logging\log4j\log4j-api\2.13.2\log4j-api-2.13.2.jar;D:\Maven_Repository\org\slf4j\jul-to-slf4j\1.7.30\jul-to-slf4j-1.7.30.jar;D:\Maven_Repository\jakarta\annotation\jakarta.annotation-api\1.3.5\jakarta.annotation-api-1.3.5.jar;D:\Maven_Repository\org\yaml\snakeyaml\1.26\snakeyaml-1.26.jar;D:\Maven_Repository\org\springframework\boot\spring-boot-starter-json\2.3.0.RELEASE\spring-boot-starter-json-2.3.0.RELEASE.jar;D:\Maven_Repository\com\fasterxml\jackson\core\jackson-databind\2.11.0\jackson-databind-2.11.0.jar;D:\Maven_Repository\com\fasterxml\jackson\core\jackson-annotations\2.11.0\jackson-annotations-2.11.0.jar;D:\Maven_Repository\com\fasterxml\jackson\core\jackson-core\2.11.0\jackson-core-2.11.0.jar;D:\Maven_Repository\com\fasterxml\jackson\datatype\jackson-datatype-jdk8\2.11.0\jackson-datatype-jdk8-2.11.0.jar;D:\Maven_Repository\com\fasterxml\jackson\datatype\jackson-datatype-jsr310\2.11.0\jackson-datatype-jsr310-2.11.0.jar;D:\Maven_Repository\com\fasterxml\jackson\module\jackson-module-parameter-names\2.11.0\jackson-module-parameter-names-2.11.0.jar;D:\Maven_Repository\org\springframework\boot\spring-boot-starter-tomcat\2.3.0.RELEASE\spring-boot-starter-tomcat-2.3.0.RELEASE.jar;D:\Maven_Repository\org\apache\tomcat\embed\tomcat-embed-core\9.0.35\tomcat-embed-core-9.0.35.jar;D:\Maven_Repository\org\glassfish\jakarta.el\3.0.3\jakarta.el-3.0.3.jar;D:\Maven_Repository\org\apache\tomcat\embed\tomcat-embed-websocket\9.0.35\tomcat-embed-websocket-9.0.35.jar;D:\Maven_Repository\org\springframework\spring-web\5.2.6.RELEASE\spring-web-5.2.6.RELEASE.jar;D:\Maven_Repository\org\springframework\spring-beans\5.2.6.RELEASE\spring-beans-5.2.6.RELEASE.jar;D:\Maven_Repository\org\springframework\spring-webmvc\5.2.6.RELEASE\spring-webmvc-5.2.6.RELEASE.jar;D:\Maven_Repository\org\springframework\spring-context\5.2.6.RELEASE\spring-context-5.2.6.RELEASE.jar;D:\Maven_Repository\org\springframework\spring-expression\5.2.6.RELEASE\spring-expression-5.2.6.RELEASE.jar;D:\Maven_Repository\org\springframework\boot\spring-boot-starter-security\2.3.0.RELEASE\spring-boot-starter-security-2.3.0.RELEASE.jar;D:\Maven_Repository\org\springframework\spring-aop\5.2.6.RELEASE\spring-aop-5.2.6.RELEASE.jar;D:\Maven_Repository\org\springframework\security\spring-security-config\5.3.2.RELEASE\spring-security-config-5.3.2.RELEASE.jar;D:\Maven_Repository\org\springframework\security\spring-security-core\5.3.2.RELEASE\spring-security-core-5.3.2.RELEASE.jar;D:\Maven_Repository\org\springframework\security\spring-security-web\5.3.2.RELEASE\spring-security-web-5.3.2.RELEASE.jar;D:\Maven_Repository\org\springframework\cloud\spring-cloud-starter-netflix-eureka-server\2.2.2.RELEASE\spring-cloud-starter-netflix-eureka-server-2.2.2.RELEASE.jar;D:\Maven_Repository\org\springframework\cloud\spring-cloud-starter\2.2.2.RELEASE\spring-cloud-starter-2.2.2.RELEASE.jar;D:\Maven_Repository\org\springframework\cloud\spring-cloud-context\2.2.2.RELEASE\spring-cloud-context-2.2.2.RELEASE.jar;D:\Maven_Repository\org\springframework\security\spring-security-crypto\5.3.2.RELEASE\spring-security-crypto-5.3.2.RELEASE.jar;D:\Maven_Repository\org\springframework\cloud\spring-cloud-commons\2.2.2.RELEASE\spring-cloud-commons-2.2.2.RELEASE.jar;D:\Maven_Repository\org\springframework\security\spring-security-rsa\1.0.9.RELEASE\spring-security-rsa-1.0.9.RELEASE.jar;D:\Maven_Repository\org\bouncycastle\bcpkix-jdk15on\1.64\bcpkix-jdk15on-1.64.jar;D:\Maven_Repository\org\bouncycastle\bcprov-jdk15on\1.64\bcprov-jdk15on-1.64.jar;D:\Maven_Repository\org\springframework\cloud\spring-cloud-netflix-eureka-server\2.2.2.RELEASE\spring-cloud-netflix-eureka-server-2.2.2.RELEASE.jar;D:\Maven_Repository\org\springframework\boot\spring-boot-starter-actuator\2.3.0.RELEASE\spring-boot-starter-actuator-2.3.0.RELEASE.jar;D:\Maven_Repository\org\springframework\boot\spring-boot-actuator-autoconfigure\2.3.0.RELEASE\spring-boot-actuator-autoconfigure-2.3.0.RELEASE.jar;D:\Maven_Repository\org\springframework\boot\spring-boot-actuator\2.3.0.RELEASE\spring-boot-actuator-2.3.0.RELEASE.jar;D:\Maven_Repository\io\micrometer\micrometer-core\1.5.1\micrometer-core-1.5.1.jar;D:\Maven_Repository\org\hdrhistogram\HdrHistogram\2.1.12\HdrHistogram-2.1.12.jar;D:\Maven_Repository\org\latencyutils\LatencyUtils\2.0.3\LatencyUtils-2.0.3.jar;D:\Maven_Repository\org\springframework\boot\spring-boot-starter-freemarker\2.3.0.RELEASE\spring-boot-starter-freemarker-2.3.0.RELEASE.jar;D:\Maven_Repository\org\freemarker\freemarker\2.3.30\freemarker-2.3.30.jar;D:\Maven_Repository\org\springframework\spring-context-support\5.2.6.RELEASE\spring-context-support-5.2.6.RELEASE.jar;D:\Maven_Repository\org\springframework\cloud\spring-cloud-netflix-hystrix\2.2.2.RELEASE\spring-cloud-netflix-hystrix-2.2.2.RELEASE.jar;D:\Maven_Repository\org\springframework\boot\spring-boot-starter-aop\2.3.0.RELEASE\spring-boot-starter-aop-2.3.0.RELEASE.jar;D:\Maven_Repository\org\aspectj\aspectjweaver\1.9.5\aspectjweaver-1.9.5.jar;D:\Maven_Repository\org\springframework\cloud\spring-cloud-netflix-eureka-client\2.2.2.RELEASE\spring-cloud-netflix-eureka-client-2.2.2.RELEASE.jar;D:\Maven_Repository\com\netflix\eureka\eureka-client\1.9.17\eureka-client-1.9.17.jar;D:\Maven_Repository\org\codehaus\jettison\jettison\1.3.7\jettison-1.3.7.jar;D:\Maven_Repository\stax\stax-api\1.0.1\stax-api-1.0.1.jar;D:\Maven_Repository\com\netflix\netflix-commons\netflix-eventbus\0.3.0\netflix-eventbus-0.3.0.jar;D:\Maven_Repository\com\netflix\netflix-commons\netflix-infix\0.3.0\netflix-infix-0.3.0.jar;D:\Maven_Repository\commons-jxpath\commons-jxpath\1.3\commons-jxpath-1.3.jar;D:\Maven_Repository\org\antlr\antlr-runtime\3.4\antlr-runtime-3.4.jar;D:\Maven_Repository\org\antlr\stringtemplate\3.2.1\stringtemplate-3.2.1.jar;D:\Maven_Repository\antlr\antlr\2.7.7\antlr-2.7.7.jar;D:\Maven_Repository\com\google\code\gson\gson\2.8.6\gson-2.8.6.jar;D:\Maven_Repository\org\apache\commons\commons-math\2.2\commons-math-2.2.jar;D:\Maven_Repository\javax\ws\rs\jsr311-api\1.1.1\jsr311-api-1.1.1.jar;D:\Maven_Repository\com\netflix\servo\servo-core\0.12.21\servo-core-0.12.21.jar;D:\Maven_Repository\com\sun\jersey\jersey-core\1.19.1\jersey-core-1.19.1.jar;D:\Maven_Repository\com\sun\jersey\contribs\jersey-apache-client4\1.19.1\jersey-apache-client4-1.19.1.jar;D:\Maven_Repository\org\apache\httpcomponents\httpclient\4.5.12\httpclient-4.5.12.jar;D:\Maven_Repository\org\apache\httpcomponents\httpcore\4.4.13\httpcore-4.4.13.jar;D:\Maven_Repository\commons-codec\commons-codec\1.14\commons-codec-1.14.jar;D:\Maven_Repository\com\google\inject\guice\4.1.0\guice-4.1.0.jar;D:\Maven_Repository\aopalliance\aopalliance\1.0\aopalliance-1.0.jar;D:\Maven_Repository\com\sun\jersey\jersey-servlet\1.19.1\jersey-servlet-1.19.1.jar;D:\Maven_Repository\com\sun\jersey\jersey-server\1.19.1\jersey-server-1.19.1.jar;D:\Maven_Repository\com\sun\jersey\jersey-client\1.19.1\jersey-client-1.19.1.jar;D:\Maven_Repository\com\netflix\eureka\eureka-core\1.9.17\eureka-core-1.9.17.jar;D:\Maven_Repository\com\amazonaws\aws-java-sdk-core\1.11.277\aws-java-sdk-core-1.11.277.jar;D:\Maven_Repository\commons-logging\commons-logging\1.1.3\commons-logging-1.1.3.jar;D:\Maven_Repository\software\amazon\ion\ion-java\1.0.2\ion-java-1.0.2.jar;D:\Maven_Repository\com\fasterxml\jackson\dataformat\jackson-dataformat-cbor\2.11.0\jackson-dataformat-cbor-2.11.0.jar;D:\Maven_Repository\joda-time\joda-time\2.8.1\joda-time-2.8.1.jar;D:\Maven_Repository\com\amazonaws\aws-java-sdk-ec2\1.11.277\aws-java-sdk-ec2-1.11.277.jar;D:\Maven_Repository\com\amazonaws\jmespath-java\1.11.277\jmespath-java-1.11.277.jar;D:\Maven_Repository\com\amazonaws\aws-java-sdk-autoscaling\1.11.277\aws-java-sdk-autoscaling-1.11.277.jar;D:\Maven_Repository\com\amazonaws\aws-java-sdk-sts\1.11.277\aws-java-sdk-sts-1.11.277.jar;D:\Maven_Repository\com\amazonaws\aws-java-sdk-route53\1.11.277\aws-java-sdk-route53-1.11.277.jar;D:\Maven_Repository\javax\servlet\servlet-api\2.5\servlet-api-2.5.jar;D:\Maven_Repository\com\fasterxml\woodstox\woodstox-core\5.2.1\woodstox-core-5.2.1.jar;D:\Maven_Repository\com\netflix\archaius\archaius-core\0.7.6\archaius-core-0.7.6.jar;D:\Maven_Repository\com\google\code\findbugs\jsr305\3.0.1\jsr305-3.0.1.jar;D:\Maven_Repository\com\google\guava\guava\16.0\guava-16.0.jar;D:\Maven_Repository\javax\inject\javax.inject\1\javax.inject-1.jar;D:\Maven_Repository\com\fasterxml\jackson\dataformat\jackson-dataformat-xml\2.11.0\jackson-dataformat-xml-2.11.0.jar;D:\Maven_Repository\com\fasterxml\jackson\module\jackson-module-jaxb-annotations\2.11.0\jackson-module-jaxb-annotations-2.11.0.jar;D:\Maven_Repository\org\codehaus\woodstox\stax2-api\4.2\stax2-api-4.2.jar;D:\Maven_Repository\com\thoughtworks\xstream\xstream\1.4.11.1\xstream-1.4.11.1.jar;D:\Maven_Repository\xmlpull\xmlpull\1.1.3.1\xmlpull-1.1.3.1.jar;D:\Maven_Repository\xpp3\xpp3_min\1.1.4c\xpp3_min-1.1.4c.jar;D:\Maven_Repository\org\springframework\cloud\spring-cloud-starter-netflix-archaius\2.2.2.RELEASE\spring-cloud-starter-netflix-archaius-2.2.2.RELEASE.jar;D:\Maven_Repository\org\springframework\cloud\spring-cloud-netflix-ribbon\2.2.2.RELEASE\spring-cloud-netflix-ribbon-2.2.2.RELEASE.jar;D:\Maven_Repository\org\springframework\cloud\spring-cloud-netflix-archaius\2.2.2.RELEASE\spring-cloud-netflix-archaius-2.2.2.RELEASE.jar;D:\Maven_Repository\commons-configuration\commons-configuration\1.8\commons-configuration-1.8.jar;D:\Maven_Repository\commons-lang\commons-lang\2.6\commons-lang-2.6.jar;D:\Maven_Repository\org\springframework\cloud\spring-cloud-starter-netflix-ribbon\2.2.2.RELEASE\spring-cloud-starter-netflix-ribbon-2.2.2.RELEASE.jar;D:\Maven_Repository\com\netflix\ribbon\ribbon\2.3.0\ribbon-2.3.0.jar;D:\Maven_Repository\com\netflix\ribbon\ribbon-transport\2.3.0\ribbon-transport-2.3.0.jar;D:\Maven_Repository\io\reactivex\rxnetty-contexts\0.4.9\rxnetty-contexts-0.4.9.jar;D:\Maven_Repository\io\reactivex\rxnetty-servo\0.4.9\rxnetty-servo-0.4.9.jar;D:\Maven_Repository\com\netflix\hystrix\hystrix-core\1.4.3\hystrix-core-1.4.3.jar;D:\Maven_Repository\io\reactivex\rxnetty\0.4.9\rxnetty-0.4.9.jar;D:\Maven_Repository\com\netflix\ribbon\ribbon-core\2.3.0\ribbon-core-2.3.0.jar;D:\Maven_Repository\com\netflix\ribbon\ribbon-httpclient\2.3.0\ribbon-httpclient-2.3.0.jar;D:\Maven_Repository\commons-collections\commons-collections\3.2.2\commons-collections-3.2.2.jar;D:\Maven_Repository\com\netflix\netflix-commons\netflix-commons-util\0.1.1\netflix-commons-util-0.1.1.jar;D:\Maven_Repository\com\netflix\ribbon\ribbon-loadbalancer\2.3.0\ribbon-loadbalancer-2.3.0.jar;D:\Maven_Repository\com\netflix\netflix-commons\netflix-statistics\0.1.1\netflix-statistics-0.1.1.jar;D:\Maven_Repository\io\reactivex\rxjava\1.3.8\rxjava-1.3.8.jar;D:\Maven_Repository\org\springframework\cloud\spring-cloud-starter-loadbalancer\2.2.2.RELEASE\spring-cloud-starter-loadbalancer-2.2.2.RELEASE.jar;D:\Maven_Repository\org\springframework\cloud\spring-cloud-loadbalancer\2.2.2.RELEASE\spring-cloud-loadbalancer-2.2.2.RELEASE.jar;D:\Maven_Repository\io\projectreactor\reactor-core\3.3.5.RELEASE\reactor-core-3.3.5.RELEASE.jar;D:\Maven_Repository\org\reactivestreams\reactive-streams\1.0.3\reactive-streams-1.0.3.jar;D:\Maven_Repository\io\projectreactor\addons\reactor-extra\3.3.3.RELEASE\reactor-extra-3.3.3.RELEASE.jar;D:\Maven_Repository\org\springframework\boot\spring-boot-starter-cache\2.3.0.RELEASE\spring-boot-starter-cache-2.3.0.RELEASE.jar;D:\Maven_Repository\com\stoyanr\evictor\1.0.0\evictor-1.0.0.jar;D:\Maven_Repository\com\netflix\ribbon\ribbon-eureka\2.3.0\ribbon-eureka-2.3.0.jar;D:\Maven_Repository\org\slf4j\slf4j-api\1.7.30\slf4j-api-1.7.30.jar;D:\Maven_Repository\org\glassfish\jaxb\jaxb-runtime\2.3.3\jaxb-runtime-2.3.3.jar;D:\Maven_Repository\org\glassfish\jaxb\txw2\2.3.3\txw2-2.3.3.jar;D:\Maven_Repository\com\sun\istack\istack-commons-runtime\3.0.11\istack-commons-runtime-3.0.11.jar;D:\Maven_Repository\com\sun\activation\jakarta.activation\1.2.2\jakarta.activation-1.2.2.jar;D:\Maven_Repository\org\springframework\boot\spring-boot-starter-test\2.3.0.RELEASE\spring-boot-starter-test-2.3.0.RELEASE.jar;D:\Maven_Repository\org\springframework\boot\spring-boot-test\2.3.0.RELEASE\spring-boot-test-2.3.0.RELEASE.jar;D:\Maven_Repository\org\springframework\boot\spring-boot-test-autoconfigure\2.3.0.RELEASE\spring-boot-test-autoconfigure-2.3.0.RELEASE.jar;D:\Maven_Repository\com\jayway\jsonpath\json-path\2.4.0\json-path-2.4.0.jar;D:\Maven_Repository\net\minidev\json-smart\2.3\json-smart-2.3.jar;D:\Maven_Repository\net\minidev\accessors-smart\1.2\accessors-smart-1.2.jar;D:\Maven_Repository\org\ow2\asm\asm\5.0.4\asm-5.0.4.jar;D:\Maven_Repository\jakarta\xml\bind\jakarta.xml.bind-api\2.3.3\jakarta.xml.bind-api-2.3.3.jar;D:\Maven_Repository\jakarta\activation\jakarta.activation-api\1.2.2\jakarta.activation-api-1.2.2.jar;D:\Maven_Repository\org\assertj\assertj-core\3.16.1\assertj-core-3.16.1.jar;D:\Maven_Repository\org\hamcrest\hamcrest\2.2\hamcrest-2.2.jar;D:\Maven_Repository\org\junit\jupiter\junit-jupiter\5.6.2\junit-jupiter-5.6.2.jar;D:\Maven_Repository\org\junit\jupiter\junit-jupiter-api\5.6.2\junit-jupiter-api-5.6.2.jar;D:\Maven_Repository\org\apiguardian\apiguardian-api\1.1.0\apiguardian-api-1.1.0.jar;D:\Maven_Repository\org\opentest4j\opentest4j\1.2.0\opentest4j-1.2.0.jar;D:\Maven_Repository\org\junit\platform\junit-platform-commons\1.6.2\junit-platform-commons-1.6.2.jar;D:\Maven_Repository\org\junit\jupiter\junit-jupiter-params\5.6.2\junit-jupiter-params-5.6.2.jar;D:\Maven_Repository\org\junit\jupiter\junit-jupiter-engine\5.6.2\junit-jupiter-engine-5.6.2.jar;D:\Maven_Repository\org\junit\platform\junit-platform-engine\1.6.2\junit-platform-engine-1.6.2.jar;D:\Maven_Repository\org\mockito\mockito-core\3.3.3\mockito-core-3.3.3.jar;D:\Maven_Repository\net\bytebuddy\byte-buddy\1.10.10\byte-buddy-1.10.10.jar;D:\Maven_Repository\net\bytebuddy\byte-buddy-agent\1.10.10\byte-buddy-agent-1.10.10.jar;D:\Maven_Repository\org\objenesis\objenesis\2.6\objenesis-2.6.jar;D:\Maven_Repository\org\mockito\mockito-junit-jupiter\3.3.3\mockito-junit-jupiter-3.3.3.jar;D:\Maven_Repository\org\skyscreamer\jsonassert\1.5.0\jsonassert-1.5.0.jar;D:\Maven_Repository\com\vaadin\external\google\android-json\0.0.20131108.vaadin1\android-json-0.0.20131108.vaadin1.jar;D:\Maven_Repository\org\springframework\spring-core\5.2.6.RELEASE\spring-core-5.2.6.RELEASE.jar;D:\Maven_Repository\org\springframework\spring-jcl\5.2.6.RELEASE\spring-jcl-5.2.6.RELEASE.jar;D:\Maven_Repository\org\springframework\spring-test\5.2.6.RELEASE\spring-test-5.2.6.RELEASE.jar;D:\Maven_Repository\org\xmlunit\xmlunit-core\2.7.0\xmlunit-core-2.7.0.jar;"/>
    <property name="java.vm.vendor" value="Oracle Corporation"/>
    <property name="sun.arch.data.model" value="64"/>
    <property name="user.variant" value=""/>
    <property name="java.vendor.url" value="http://java.oracle.com/"/>
    <property name="user.timezone" value="Asia/Shanghai"/>
    <property name="java.vm.specification.version" value="1.8"/>
    <property name="os.name" value="Windows 10"/>
    <property name="user.country" value="CN"/>
    <property name="sun.java.launcher" value="SUN_STANDARD"/>
    <property name="sun.boot.library.path" value="C:\Program Files\Java\jdk1.8.0_191\jre\bin"/>
    <property name="sun.java.command" value="C:\Users\lvxutao\AppData\Local\Temp\surefire796957849280494183\surefirebooter3876768571582479207.jar C:\Users\lvxutao\AppData\Local\Temp\surefire796957849280494183 2020-07-06T10-40-17_463-jvmRun1 surefire8542153384527048144tmp surefire_04817822248964879580tmp"/>
    <property name="surefire.test.class.path" value="D:\IDEA_code\demo_eureka\target\test-classes;D:\IDEA_code\demo_eureka\target\classes;D:\Maven_Repository\org\springframework\boot\spring-boot-starter-web\2.3.0.RELEASE\spring-boot-starter-web-2.3.0.RELEASE.jar;D:\Maven_Repository\org\springframework\boot\spring-boot-starter\2.3.0.RELEASE\spring-boot-starter-2.3.0.RELEASE.jar;D:\Maven_Repository\org\springframework\boot\spring-boot\2.3.0.RELEASE\spring-boot-2.3.0.RELEASE.jar;D:\Maven_Repository\org\springframework\boot\spring-boot-autoconfigure\2.3.0.RELEASE\spring-boot-autoconfigure-2.3.0.RELEASE.jar;D:\Maven_Repository\org\springframework\boot\spring-boot-starter-logging\2.3.0.RELEASE\spring-boot-starter-logging-2.3.0.RELEASE.jar;D:\Maven_Repository\ch\qos\logback\logback-classic\1.2.3\logback-classic-1.2.3.jar;D:\Maven_Repository\ch\qos\logback\logback-core\1.2.3\logback-core-1.2.3.jar;D:\Maven_Repository\org\apache\logging\log4j\log4j-to-slf4j\2.13.2\log4j-to-slf4j-2.13.2.jar;D:\Maven_Repository\org\apache\logging\log4j\log4j-api\2.13.2\log4j-api-2.13.2.jar;D:\Maven_Repository\org\slf4j\jul-to-slf4j\1.7.30\jul-to-slf4j-1.7.30.jar;D:\Maven_Repository\jakarta\annotation\jakarta.annotation-api\1.3.5\jakarta.annotation-api-1.3.5.jar;D:\Maven_Repository\org\yaml\snakeyaml\1.26\snakeyaml-1.26.jar;D:\Maven_Repository\org\springframework\boot\spring-boot-starter-json\2.3.0.RELEASE\spring-boot-starter-json-2.3.0.RELEASE.jar;D:\Maven_Repository\com\fasterxml\jackson\core\jackson-databind\2.11.0\jackson-databind-2.11.0.jar;D:\Maven_Repository\com\fasterxml\jackson\core\jackson-annotations\2.11.0\jackson-annotations-2.11.0.jar;D:\Maven_Repository\com\fasterxml\jackson\core\jackson-core\2.11.0\jackson-core-2.11.0.jar;D:\Maven_Repository\com\fasterxml\jackson\datatype\jackson-datatype-jdk8\2.11.0\jackson-datatype-jdk8-2.11.0.jar;D:\Maven_Repository\com\fasterxml\jackson\datatype\jackson-datatype-jsr310\2.11.0\jackson-datatype-jsr310-2.11.0.jar;D:\Maven_Repository\com\fasterxml\jackson\module\jackson-module-parameter-names\2.11.0\jackson-module-parameter-names-2.11.0.jar;D:\Maven_Repository\org\springframework\boot\spring-boot-starter-tomcat\2.3.0.RELEASE\spring-boot-starter-tomcat-2.3.0.RELEASE.jar;D:\Maven_Repository\org\apache\tomcat\embed\tomcat-embed-core\9.0.35\tomcat-embed-core-9.0.35.jar;D:\Maven_Repository\org\glassfish\jakarta.el\3.0.3\jakarta.el-3.0.3.jar;D:\Maven_Repository\org\apache\tomcat\embed\tomcat-embed-websocket\9.0.35\tomcat-embed-websocket-9.0.35.jar;D:\Maven_Repository\org\springframework\spring-web\5.2.6.RELEASE\spring-web-5.2.6.RELEASE.jar;D:\Maven_Repository\org\springframework\spring-beans\5.2.6.RELEASE\spring-beans-5.2.6.RELEASE.jar;D:\Maven_Repository\org\springframework\spring-webmvc\5.2.6.RELEASE\spring-webmvc-5.2.6.RELEASE.jar;D:\Maven_Repository\org\springframework\spring-context\5.2.6.RELEASE\spring-context-5.2.6.RELEASE.jar;D:\Maven_Repository\org\springframework\spring-expression\5.2.6.RELEASE\spring-expression-5.2.6.RELEASE.jar;D:\Maven_Repository\org\springframework\boot\spring-boot-starter-security\2.3.0.RELEASE\spring-boot-starter-security-2.3.0.RELEASE.jar;D:\Maven_Repository\org\springframework\spring-aop\5.2.6.RELEASE\spring-aop-5.2.6.RELEASE.jar;D:\Maven_Repository\org\springframework\security\spring-security-config\5.3.2.RELEASE\spring-security-config-5.3.2.RELEASE.jar;D:\Maven_Repository\org\springframework\security\spring-security-core\5.3.2.RELEASE\spring-security-core-5.3.2.RELEASE.jar;D:\Maven_Repository\org\springframework\security\spring-security-web\5.3.2.RELEASE\spring-security-web-5.3.2.RELEASE.jar;D:\Maven_Repository\org\springframework\cloud\spring-cloud-starter-netflix-eureka-server\2.2.2.RELEASE\spring-cloud-starter-netflix-eureka-server-2.2.2.RELEASE.jar;D:\Maven_Repository\org\springframework\cloud\spring-cloud-starter\2.2.2.RELEASE\spring-cloud-starter-2.2.2.RELEASE.jar;D:\Maven_Repository\org\springframework\cloud\spring-cloud-context\2.2.2.RELEASE\spring-cloud-context-2.2.2.RELEASE.jar;D:\Maven_Repository\org\springframework\security\spring-security-crypto\5.3.2.RELEASE\spring-security-crypto-5.3.2.RELEASE.jar;D:\Maven_Repository\org\springframework\cloud\spring-cloud-commons\2.2.2.RELEASE\spring-cloud-commons-2.2.2.RELEASE.jar;D:\Maven_Repository\org\springframework\security\spring-security-rsa\1.0.9.RELEASE\spring-security-rsa-1.0.9.RELEASE.jar;D:\Maven_Repository\org\bouncycastle\bcpkix-jdk15on\1.64\bcpkix-jdk15on-1.64.jar;D:\Maven_Repository\org\bouncycastle\bcprov-jdk15on\1.64\bcprov-jdk15on-1.64.jar;D:\Maven_Repository\org\springframework\cloud\spring-cloud-netflix-eureka-server\2.2.2.RELEASE\spring-cloud-netflix-eureka-server-2.2.2.RELEASE.jar;D:\Maven_Repository\org\springframework\boot\spring-boot-starter-actuator\2.3.0.RELEASE\spring-boot-starter-actuator-2.3.0.RELEASE.jar;D:\Maven_Repository\org\springframework\boot\spring-boot-actuator-autoconfigure\2.3.0.RELEASE\spring-boot-actuator-autoconfigure-2.3.0.RELEASE.jar;D:\Maven_Repository\org\springframework\boot\spring-boot-actuator\2.3.0.RELEASE\spring-boot-actuator-2.3.0.RELEASE.jar;D:\Maven_Repository\io\micrometer\micrometer-core\1.5.1\micrometer-core-1.5.1.jar;D:\Maven_Repository\org\hdrhistogram\HdrHistogram\2.1.12\HdrHistogram-2.1.12.jar;D:\Maven_Repository\org\latencyutils\LatencyUtils\2.0.3\LatencyUtils-2.0.3.jar;D:\Maven_Repository\org\springframework\boot\spring-boot-starter-freemarker\2.3.0.RELEASE\spring-boot-starter-freemarker-2.3.0.RELEASE.jar;D:\Maven_Repository\org\freemarker\freemarker\2.3.30\freemarker-2.3.30.jar;D:\Maven_Repository\org\springframework\spring-context-support\5.2.6.RELEASE\spring-context-support-5.2.6.RELEASE.jar;D:\Maven_Repository\org\springframework\cloud\spring-cloud-netflix-hystrix\2.2.2.RELEASE\spring-cloud-netflix-hystrix-2.2.2.RELEASE.jar;D:\Maven_Repository\org\springframework\boot\spring-boot-starter-aop\2.3.0.RELEASE\spring-boot-starter-aop-2.3.0.RELEASE.jar;D:\Maven_Repository\org\aspectj\aspectjweaver\1.9.5\aspectjweaver-1.9.5.jar;D:\Maven_Repository\org\springframework\cloud\spring-cloud-netflix-eureka-client\2.2.2.RELEASE\spring-cloud-netflix-eureka-client-2.2.2.RELEASE.jar;D:\Maven_Repository\com\netflix\eureka\eureka-client\1.9.17\eureka-client-1.9.17.jar;D:\Maven_Repository\org\codehaus\jettison\jettison\1.3.7\jettison-1.3.7.jar;D:\Maven_Repository\stax\stax-api\1.0.1\stax-api-1.0.1.jar;D:\Maven_Repository\com\netflix\netflix-commons\netflix-eventbus\0.3.0\netflix-eventbus-0.3.0.jar;D:\Maven_Repository\com\netflix\netflix-commons\netflix-infix\0.3.0\netflix-infix-0.3.0.jar;D:\Maven_Repository\commons-jxpath\commons-jxpath\1.3\commons-jxpath-1.3.jar;D:\Maven_Repository\org\antlr\antlr-runtime\3.4\antlr-runtime-3.4.jar;D:\Maven_Repository\org\antlr\stringtemplate\3.2.1\stringtemplate-3.2.1.jar;D:\Maven_Repository\antlr\antlr\2.7.7\antlr-2.7.7.jar;D:\Maven_Repository\com\google\code\gson\gson\2.8.6\gson-2.8.6.jar;D:\Maven_Repository\org\apache\commons\commons-math\2.2\commons-math-2.2.jar;D:\Maven_Repository\javax\ws\rs\jsr311-api\1.1.1\jsr311-api-1.1.1.jar;D:\Maven_Repository\com\netflix\servo\servo-core\0.12.21\servo-core-0.12.21.jar;D:\Maven_Repository\com\sun\jersey\jersey-core\1.19.1\jersey-core-1.19.1.jar;D:\Maven_Repository\com\sun\jersey\contribs\jersey-apache-client4\1.19.1\jersey-apache-client4-1.19.1.jar;D:\Maven_Repository\org\apache\httpcomponents\httpclient\4.5.12\httpclient-4.5.12.jar;D:\Maven_Repository\org\apache\httpcomponents\httpcore\4.4.13\httpcore-4.4.13.jar;D:\Maven_Repository\commons-codec\commons-codec\1.14\commons-codec-1.14.jar;D:\Maven_Repository\com\google\inject\guice\4.1.0\guice-4.1.0.jar;D:\Maven_Repository\aopalliance\aopalliance\1.0\aopalliance-1.0.jar;D:\Maven_Repository\com\sun\jersey\jersey-servlet\1.19.1\jersey-servlet-1.19.1.jar;D:\Maven_Repository\com\sun\jersey\jersey-server\1.19.1\jersey-server-1.19.1.jar;D:\Maven_Repository\com\sun\jersey\jersey-client\1.19.1\jersey-client-1.19.1.jar;D:\Maven_Repository\com\netflix\eureka\eureka-core\1.9.17\eureka-core-1.9.17.jar;D:\Maven_Repository\com\amazonaws\aws-java-sdk-core\1.11.277\aws-java-sdk-core-1.11.277.jar;D:\Maven_Repository\commons-logging\commons-logging\1.1.3\commons-logging-1.1.3.jar;D:\Maven_Repository\software\amazon\ion\ion-java\1.0.2\ion-java-1.0.2.jar;D:\Maven_Repository\com\fasterxml\jackson\dataformat\jackson-dataformat-cbor\2.11.0\jackson-dataformat-cbor-2.11.0.jar;D:\Maven_Repository\joda-time\joda-time\2.8.1\joda-time-2.8.1.jar;D:\Maven_Repository\com\amazonaws\aws-java-sdk-ec2\1.11.277\aws-java-sdk-ec2-1.11.277.jar;D:\Maven_Repository\com\amazonaws\jmespath-java\1.11.277\jmespath-java-1.11.277.jar;D:\Maven_Repository\com\amazonaws\aws-java-sdk-autoscaling\1.11.277\aws-java-sdk-autoscaling-1.11.277.jar;D:\Maven_Repository\com\amazonaws\aws-java-sdk-sts\1.11.277\aws-java-sdk-sts-1.11.277.jar;D:\Maven_Repository\com\amazonaws\aws-java-sdk-route53\1.11.277\aws-java-sdk-route53-1.11.277.jar;D:\Maven_Repository\javax\servlet\servlet-api\2.5\servlet-api-2.5.jar;D:\Maven_Repository\com\fasterxml\woodstox\woodstox-core\5.2.1\woodstox-core-5.2.1.jar;D:\Maven_Repository\com\netflix\archaius\archaius-core\0.7.6\archaius-core-0.7.6.jar;D:\Maven_Repository\com\google\code\findbugs\jsr305\3.0.1\jsr305-3.0.1.jar;D:\Maven_Repository\com\google\guava\guava\16.0\guava-16.0.jar;D:\Maven_Repository\javax\inject\javax.inject\1\javax.inject-1.jar;D:\Maven_Repository\com\fasterxml\jackson\dataformat\jackson-dataformat-xml\2.11.0\jackson-dataformat-xml-2.11.0.jar;D:\Maven_Repository\com\fasterxml\jackson\module\jackson-module-jaxb-annotations\2.11.0\jackson-module-jaxb-annotations-2.11.0.jar;D:\Maven_Repository\org\codehaus\woodstox\stax2-api\4.2\stax2-api-4.2.jar;D:\Maven_Repository\com\thoughtworks\xstream\xstream\1.4.11.1\xstream-1.4.11.1.jar;D:\Maven_Repository\xmlpull\xmlpull\1.1.3.1\xmlpull-1.1.3.1.jar;D:\Maven_Repository\xpp3\xpp3_min\1.1.4c\xpp3_min-1.1.4c.jar;D:\Maven_Repository\org\springframework\cloud\spring-cloud-starter-netflix-archaius\2.2.2.RELEASE\spring-cloud-starter-netflix-archaius-2.2.2.RELEASE.jar;D:\Maven_Repository\org\springframework\cloud\spring-cloud-netflix-ribbon\2.2.2.RELEASE\spring-cloud-netflix-ribbon-2.2.2.RELEASE.jar;D:\Maven_Repository\org\springframework\cloud\spring-cloud-netflix-archaius\2.2.2.RELEASE\spring-cloud-netflix-archaius-2.2.2.RELEASE.jar;D:\Maven_Repository\commons-configuration\commons-configuration\1.8\commons-configuration-1.8.jar;D:\Maven_Repository\commons-lang\commons-lang\2.6\commons-lang-2.6.jar;D:\Maven_Repository\org\springframework\cloud\spring-cloud-starter-netflix-ribbon\2.2.2.RELEASE\spring-cloud-starter-netflix-ribbon-2.2.2.RELEASE.jar;D:\Maven_Repository\com\netflix\ribbon\ribbon\2.3.0\ribbon-2.3.0.jar;D:\Maven_Repository\com\netflix\ribbon\ribbon-transport\2.3.0\ribbon-transport-2.3.0.jar;D:\Maven_Repository\io\reactivex\rxnetty-contexts\0.4.9\rxnetty-contexts-0.4.9.jar;D:\Maven_Repository\io\reactivex\rxnetty-servo\0.4.9\rxnetty-servo-0.4.9.jar;D:\Maven_Repository\com\netflix\hystrix\hystrix-core\1.4.3\hystrix-core-1.4.3.jar;D:\Maven_Repository\io\reactivex\rxnetty\0.4.9\rxnetty-0.4.9.jar;D:\Maven_Repository\com\netflix\ribbon\ribbon-core\2.3.0\ribbon-core-2.3.0.jar;D:\Maven_Repository\com\netflix\ribbon\ribbon-httpclient\2.3.0\ribbon-httpclient-2.3.0.jar;D:\Maven_Repository\commons-collections\commons-collections\3.2.2\commons-collections-3.2.2.jar;D:\Maven_Repository\com\netflix\netflix-commons\netflix-commons-util\0.1.1\netflix-commons-util-0.1.1.jar;D:\Maven_Repository\com\netflix\ribbon\ribbon-loadbalancer\2.3.0\ribbon-loadbalancer-2.3.0.jar;D:\Maven_Repository\com\netflix\netflix-commons\netflix-statistics\0.1.1\netflix-statistics-0.1.1.jar;D:\Maven_Repository\io\reactivex\rxjava\1.3.8\rxjava-1.3.8.jar;D:\Maven_Repository\org\springframework\cloud\spring-cloud-starter-loadbalancer\2.2.2.RELEASE\spring-cloud-starter-loadbalancer-2.2.2.RELEASE.jar;D:\Maven_Repository\org\springframework\cloud\spring-cloud-loadbalancer\2.2.2.RELEASE\spring-cloud-loadbalancer-2.2.2.RELEASE.jar;D:\Maven_Repository\io\projectreactor\reactor-core\3.3.5.RELEASE\reactor-core-3.3.5.RELEASE.jar;D:\Maven_Repository\org\reactivestreams\reactive-streams\1.0.3\reactive-streams-1.0.3.jar;D:\Maven_Repository\io\projectreactor\addons\reactor-extra\3.3.3.RELEASE\reactor-extra-3.3.3.RELEASE.jar;D:\Maven_Repository\org\springframework\boot\spring-boot-starter-cache\2.3.0.RELEASE\spring-boot-starter-cache-2.3.0.RELEASE.jar;D:\Maven_Repository\com\stoyanr\evictor\1.0.0\evictor-1.0.0.jar;D:\Maven_Repository\com\netflix\ribbon\ribbon-eureka\2.3.0\ribbon-eureka-2.3.0.jar;D:\Maven_Repository\org\slf4j\slf4j-api\1.7.30\slf4j-api-1.7.30.jar;D:\Maven_Repository\org\glassfish\jaxb\jaxb-runtime\2.3.3\jaxb-runtime-2.3.3.jar;D:\Maven_Repository\org\glassfish\jaxb\txw2\2.3.3\txw2-2.3.3.jar;D:\Maven_Repository\com\sun\istack\istack-commons-runtime\3.0.11\istack-commons-runtime-3.0.11.jar;D:\Maven_Repository\com\sun\activation\jakarta.activation\1.2.2\jakarta.activation-1.2.2.jar;D:\Maven_Repository\org\springframework\boot\spring-boot-starter-test\2.3.0.RELEASE\spring-boot-starter-test-2.3.0.RELEASE.jar;D:\Maven_Repository\org\springframework\boot\spring-boot-test\2.3.0.RELEASE\spring-boot-test-2.3.0.RELEASE.jar;D:\Maven_Repository\org\springframework\boot\spring-boot-test-autoconfigure\2.3.0.RELEASE\spring-boot-test-autoconfigure-2.3.0.RELEASE.jar;D:\Maven_Repository\com\jayway\jsonpath\json-path\2.4.0\json-path-2.4.0.jar;D:\Maven_Repository\net\minidev\json-smart\2.3\json-smart-2.3.jar;D:\Maven_Repository\net\minidev\accessors-smart\1.2\accessors-smart-1.2.jar;D:\Maven_Repository\org\ow2\asm\asm\5.0.4\asm-5.0.4.jar;D:\Maven_Repository\jakarta\xml\bind\jakarta.xml.bind-api\2.3.3\jakarta.xml.bind-api-2.3.3.jar;D:\Maven_Repository\jakarta\activation\jakarta.activation-api\1.2.2\jakarta.activation-api-1.2.2.jar;D:\Maven_Repository\org\assertj\assertj-core\3.16.1\assertj-core-3.16.1.jar;D:\Maven_Repository\org\hamcrest\hamcrest\2.2\hamcrest-2.2.jar;D:\Maven_Repository\org\junit\jupiter\junit-jupiter\5.6.2\junit-jupiter-5.6.2.jar;D:\Maven_Repository\org\junit\jupiter\junit-jupiter-api\5.6.2\junit-jupiter-api-5.6.2.jar;D:\Maven_Repository\org\apiguardian\apiguardian-api\1.1.0\apiguardian-api-1.1.0.jar;D:\Maven_Repository\org\opentest4j\opentest4j\1.2.0\opentest4j-1.2.0.jar;D:\Maven_Repository\org\junit\platform\junit-platform-commons\1.6.2\junit-platform-commons-1.6.2.jar;D:\Maven_Repository\org\junit\jupiter\junit-jupiter-params\5.6.2\junit-jupiter-params-5.6.2.jar;D:\Maven_Repository\org\junit\jupiter\junit-jupiter-engine\5.6.2\junit-jupiter-engine-5.6.2.jar;D:\Maven_Repository\org\junit\platform\junit-platform-engine\1.6.2\junit-platform-engine-1.6.2.jar;D:\Maven_Repository\org\mockito\mockito-core\3.3.3\mockito-core-3.3.3.jar;D:\Maven_Repository\net\bytebuddy\byte-buddy\1.10.10\byte-buddy-1.10.10.jar;D:\Maven_Repository\net\bytebuddy\byte-buddy-agent\1.10.10\byte-buddy-agent-1.10.10.jar;D:\Maven_Repository\org\objenesis\objenesis\2.6\objenesis-2.6.jar;D:\Maven_Repository\org\mockito\mockito-junit-jupiter\3.3.3\mockito-junit-jupiter-3.3.3.jar;D:\Maven_Repository\org\skyscreamer\jsonassert\1.5.0\jsonassert-1.5.0.jar;D:\Maven_Repository\com\vaadin\external\google\android-json\0.0.20131108.vaadin1\android-json-0.0.20131108.vaadin1.jar;D:\Maven_Repository\org\springframework\spring-core\5.2.6.RELEASE\spring-core-5.2.6.RELEASE.jar;D:\Maven_Repository\org\springframework\spring-jcl\5.2.6.RELEASE\spring-jcl-5.2.6.RELEASE.jar;D:\Maven_Repository\org\springframework\spring-test\5.2.6.RELEASE\spring-test-5.2.6.RELEASE.jar;D:\Maven_Repository\org\xmlunit\xmlunit-core\2.7.0\xmlunit-core-2.7.0.jar;"/>
    <property name="sun.cpu.endian" value="little"/>
    <property name="user.home" value="C:\Users\lvxutao"/>
    <property name="user.language" value="zh"/>
    <property name="java.specification.vendor" value="Oracle Corporation"/>
    <property name="java.home" value="C:\Program Files\Java\jdk1.8.0_191\jre"/>
    <property name="basedir" value="D:\IDEA_code\demo_eureka"/>
    <property name="file.separator" value="\"/>
    <property name="line.separator" value="&#10;"/>
    <property name="java.vm.specification.vendor" value="Oracle Corporation"/>
    <property name="java.specification.name" value="Java Platform API Specification"/>
    <property name="java.awt.graphicsenv" value="sun.awt.Win32GraphicsEnvironment"/>
    <property name="surefire.real.class.path" value="C:\Users\lvxutao\AppData\Local\Temp\surefire796957849280494183\surefirebooter3876768571582479207.jar"/>
    <property name="sun.boot.class.path" value="C:\Program Files\Java\jdk1.8.0_191\jre\lib\resources.jar;C:\Program Files\Java\jdk1.8.0_191\jre\lib\rt.jar;C:\Program Files\Java\jdk1.8.0_191\jre\lib\sunrsasign.jar;C:\Program Files\Java\jdk1.8.0_191\jre\lib\jsse.jar;C:\Program Files\Java\jdk1.8.0_191\jre\lib\jce.jar;C:\Program Files\Java\jdk1.8.0_191\jre\lib\charsets.jar;C:\Program Files\Java\jdk1.8.0_191\jre\lib\jfr.jar;C:\Program Files\Java\jdk1.8.0_191\jre\classes"/>
    <property name="user.script" value=""/>
    <property name="sun.management.compiler" value="HotSpot 64-Bit Tiered Compilers"/>
    <property name="java.runtime.version" value="1.8.0_191-b12"/>
    <property name="user.name" value="LVXUTAO"/>
    <property name="path.separator" value=";"/>
    <property name="os.version" value="10.0"/>
    <property name="java.endorsed.dirs" value="C:\Program Files\Java\jdk1.8.0_191\jre\lib\endorsed"/>
    <property name="java.runtime.name" value="Java(TM) SE Runtime Environment"/>
    <property name="file.encoding" value="GBK"/>
    <property name="java.vm.name" value="Java HotSpot(TM) 64-Bit Server VM"/>
    <property name="localRepository" value="D:\Maven_Repository"/>
    <property name="java.vendor.url.bug" value="http://bugreport.sun.com/bugreport/"/>
    <property name="java.io.tmpdir" value="C:\Users\lvxutao\AppData\Local\Temp\"/>
    <property name="java.version" value="1.8.0_191"/>
    <property name="user.dir" value="D:\IDEA_code\demo_eureka"/>
    <property name="os.arch" value="amd64"/>
    <property name="java.vm.specification.name" value="Java Virtual Machine Specification"/>
    <property name="java.awt.printerjob" value="sun.awt.windows.WPrinterJob"/>
    <property name="sun.os.patch.level" value=""/>
    <property name="java.library.path" value="C:\Program Files\Java\jdk1.8.0_191\jre\bin;C:\Windows\Sun\Java\bin;C:\Windows\system32;C:\Windows;D:\Xftp-6\;D:\Xshell-6\;C:\ProgramData\DockerDesktop\version-bin;C:\Program Files\Docker\Docker\Resources\bin;C:\Windows\system32;C:\Windows;C:\Windows\System32\Wbem;C:\Windows\System32\WindowsPowerShell\v1.0\;D:\git\Git\cmd;D:\MySQL\bin;C:\Program Files\Microsoft SQL Server\120\DTS\Binn\;C:\Program Files\Microsoft SQL Server\Client SDK\ODBC\110\Tools\Binn\;C:\Program Files (x86)\Microsoft SQL Server\120\Tools\Binn\;C:\Program Files\Microsoft SQL Server\120\Tools\Binn\;C:\Program Files (x86)\Microsoft SQL Server\120\Tools\Binn\ManagementStudio\;C:\Program Files (x86)\Microsoft SQL Server\120\DTS\Binn\;D:\mysql-5.7.24-winx64\bin;D:\apache-maven-3.6.0\bin;D:\SVN\bin;C:\Program Files\TortoiseSVN\bin;D:\nvm;D:\NVM;D:\Microsoft VS Code\bin;C:\Users\lvxutao\.gradle\wrapper\dists\gradle-5.2.1-bin\9lc4nzslqh3ep7ml2tp68fk8s\gradle-5.2.1\bin;.;C:\Program Files\Java\jdk1.8.0_191\bin;C:\Program Files\Java\jdk1.8.0_191\jre\bin;D:\Microsoft VS Code\bin;D:\BandZip\;C:\Users\lvxutao\AppData\Roaming\npm;D:\nvm;D:\NVM;C:\Users\lvxutao\AppData\Local\BypassRuntm;D:\IntelliJ IDEA 2019.3.3\bin;;."/>
    <property name="java.vm.info" value="mixed mode"/>
    <property name="java.vendor" value="Oracle Corporation"/>
    <property name="java.vm.version" value="25.191-b12"/>
    <property name="java.ext.dirs" value="C:\Program Files\Java\jdk1.8.0_191\jre\lib\ext;C:\Windows\Sun\Java\lib\ext"/>
    <property name="sun.io.unicode.encoding" value="UnicodeLittle"/>
    <property name="java.class.version" value="52.0"/>
  </properties>
  <testcase name="contextLoads" classname="demo.eureka.EurekaApplicationTests" time="0.225"/>
</testsuite>